<?xml version="1.0" encoding="UTF-8"?>
<!-- Generated by org.testng.reporters.JUnitXMLReporter -->
<testsuite ignored="0" hostname="AFSWW5DNZYXCCN" failures="0" tests="9" name="Default test" time="1.729" errors="0" timestamp="2023-01-17T08:36:43 CST">
  <testcase classname="testpackage.servicetests.BookServiceTest" name="invalidId_returnsNull" time="0.046"/>
  <testcase classname="testpackage.servicetests.BookServiceTest" name="updatingEmptyTitle_ReturnsNull" time="0.013"/>
  <testcase classname="testpackage.servicetests.BookServiceTest" name="whenBookAdded_returnBook" time="0.002"/>
  <testcase classname="testpackage.servicetests.BookServiceTest" name="whenBookUpdated_returnBook" time="0.012"/>
  <testcase classname="testpackage.servicetests.BookServiceTest" name="whenBooksIsCalled_ShowAllBooks" time="0.017"/>
  <testcase classname="testpackage.servicetests.BookServiceTest" name="whenEmptyTitle_BookNotSaved" time="0.003"/>
  <testcase classname="testpackage.servicetests.BookServiceTest" name="whenGivenValidId_DeleteBook" time="0.005"/>
  <testcase classname="testpackage.servicetests.BookServiceTest" name="whenNoBooksExist_NoBooksShown" time="0.007"/>
  <testcase classname="testpackage.servicetests.BookServiceTest" name="whenValidIdGiven_returnBook" time="0.003"/>
</testsuite> <!-- Default test -->
