<?xml version="1.0" encoding="UTF-8"?>
<!-- Generated by org.testng.reporters.JUnitXMLReporter -->
<testsuite ignored="0" hostname="AFSWW5DNZYXCCN" failures="0" tests="13" name="Default test" time="36.181" errors="0" timestamp="2023-01-17T16:42:30 CST">
  <testcase classname="testpackage.webapptests.WebAppTesting" name="navigatePages" time="9.423"/>
  <testcase classname="testpackage.webapptests.WebAppTesting" name="addBook" time="2.498"/>
  <testcase classname="testpackage.webapptests.WebAppTesting" name="editBook" time="1.626"/>
  <testcase classname="testpackage.webapptests.WebAppTesting" name="deleteBook" time="1.823"/>
  <testcase classname="testpackage.webapptests.WebAppTesting" name="addGame" time="2.511"/>
  <testcase classname="testpackage.webapptests.WebAppTesting" name="editGame" time="2.151"/>
  <testcase classname="testpackage.webapptests.WebAppTesting" name="deleteGame" time="1.09"/>
  <testcase classname="testpackage.webapptests.WebAppTesting" name="addMovie" time="2.337"/>
  <testcase classname="testpackage.webapptests.WebAppTesting" name="editMovie" time="1.179"/>
  <testcase classname="testpackage.webapptests.WebAppTesting" name="deleteMovie" time="1.518"/>
  <testcase classname="testpackage.webapptests.WebAppTesting" name="addMusic" time="2.83"/>
  <testcase classname="testpackage.webapptests.WebAppTesting" name="editMusic" time="1.668"/>
  <testcase classname="testpackage.webapptests.WebAppTesting" name="deleteMusic" time="1.188"/>
</testsuite> <!-- Default test -->
