<?xml version="1.0" encoding="UTF-8"?>
<testng-results ignored="0" total="9" passed="9" failed="0" skipped="0">
  <reporter-output>
  </reporter-output>
  <suite started-at="2023-01-17T08:36:41 CST" name="Default suite" finished-at="2023-01-17T08:36:43 CST" duration-ms="1729">
    <groups>
    </groups>
    <test started-at="2023-01-17T08:36:41 CST" name="Default test" finished-at="2023-01-17T08:36:43 CST" duration-ms="1729">
      <class name="testpackage.servicetests.BookServiceTest">
        <test-method is-config="true" signature="springTestContextBeforeTestClass()[pri:0, instance:testpackage.servicetests.BookServiceTest@4d95a72e]" started-at="2023-01-17T08:36:41 CST" name="springTestContextBeforeTestClass" finished-at="2023-01-17T08:36:41 CST" duration-ms="16" status="PASS">
          <reporter-output>
          </reporter-output>
        </test-method> <!-- springTestContextBeforeTestClass -->
        <test-method is-config="true" signature="springTestContextPrepareTestInstance()[pri:0, instance:testpackage.servicetests.BookServiceTest@4d95a72e]" started-at="2023-01-17T08:36:41 CST" name="springTestContextPrepareTestInstance" finished-at="2023-01-17T08:36:42 CST" depends-on-methods="org.springframework.test.context.testng.AbstractTestNGSpringContextTests.springTestContextBeforeTestClass" duration-ms="1432" status="PASS">
          <reporter-output>
          </reporter-output>
        </test-method> <!-- springTestContextPrepareTestInstance -->
        <test-method is-config="true" signature="springTestContextBeforeTestMethod(java.lang.reflect.Method)[pri:0, instance:testpackage.servicetests.BookServiceTest@4d95a72e]" started-at="2023-01-17T08:36:42 CST" name="springTestContextBeforeTestMethod" finished-at="2023-01-17T08:36:42 CST" duration-ms="17" status="PASS">
          <params>
            <param index="0">
              <value>
                <![CDATA[public void testpackage.servicetests.BookServiceTest.invalidId_returnsNull()]]>
              </value>
            </param>
          </params>
          <reporter-output>
          </reporter-output>
        </test-method> <!-- springTestContextBeforeTestMethod -->
        <test-method is-config="true" signature="init()[pri:0, instance:testpackage.servicetests.BookServiceTest@4d95a72e]" started-at="2023-01-17T08:36:42 CST" name="init" finished-at="2023-01-17T08:36:42 CST" duration-ms="1" status="PASS">
          <reporter-output>
          </reporter-output>
        </test-method> <!-- init -->
        <test-method signature="invalidId_returnsNull()[pri:0, instance:testpackage.servicetests.BookServiceTest@4d95a72e]" started-at="2023-01-17T08:36:42 CST" name="invalidId_returnsNull" finished-at="2023-01-17T08:36:43 CST" duration-ms="46" status="PASS">
          <reporter-output>
          </reporter-output>
        </test-method> <!-- invalidId_returnsNull -->
        <test-method is-config="true" signature="springTestContextAfterTestMethod(java.lang.reflect.Method)[pri:0, instance:testpackage.servicetests.BookServiceTest@4d95a72e]" started-at="2023-01-17T08:36:43 CST" name="springTestContextAfterTestMethod" finished-at="2023-01-17T08:36:43 CST" duration-ms="10" status="PASS">
          <params>
            <param index="0">
              <value>
                <![CDATA[public void testpackage.servicetests.BookServiceTest.invalidId_returnsNull()]]>
              </value>
            </param>
          </params>
          <reporter-output>
          </reporter-output>
        </test-method> <!-- springTestContextAfterTestMethod -->
        <test-method is-config="true" signature="springTestContextBeforeTestMethod(java.lang.reflect.Method)[pri:0, instance:testpackage.servicetests.BookServiceTest@4d95a72e]" started-at="2023-01-17T08:36:43 CST" name="springTestContextBeforeTestMethod" finished-at="2023-01-17T08:36:43 CST" duration-ms="1" status="PASS">
          <params>
            <param index="0">
              <value>
                <![CDATA[public void testpackage.servicetests.BookServiceTest.updatingEmptyTitle_ReturnsNull()]]>
              </value>
            </param>
          </params>
          <reporter-output>
          </reporter-output>
        </test-method> <!-- springTestContextBeforeTestMethod -->
        <test-method is-config="true" signature="init()[pri:0, instance:testpackage.servicetests.BookServiceTest@4d95a72e]" started-at="2023-01-17T08:36:43 CST" name="init" finished-at="2023-01-17T08:36:43 CST" duration-ms="1" status="PASS">
          <reporter-output>
          </reporter-output>
        </test-method> <!-- init -->
        <test-method signature="updatingEmptyTitle_ReturnsNull()[pri:0, instance:testpackage.servicetests.BookServiceTest@4d95a72e]" started-at="2023-01-17T08:36:43 CST" name="updatingEmptyTitle_ReturnsNull" finished-at="2023-01-17T08:36:43 CST" duration-ms="13" status="PASS">
          <reporter-output>
          </reporter-output>
        </test-method> <!-- updatingEmptyTitle_ReturnsNull -->
        <test-method is-config="true" signature="springTestContextAfterTestMethod(java.lang.reflect.Method)[pri:0, instance:testpackage.servicetests.BookServiceTest@4d95a72e]" started-at="2023-01-17T08:36:43 CST" name="springTestContextAfterTestMethod" finished-at="2023-01-17T08:36:43 CST" duration-ms="3" status="PASS">
          <params>
            <param index="0">
              <value>
                <![CDATA[public void testpackage.servicetests.BookServiceTest.updatingEmptyTitle_ReturnsNull()]]>
              </value>
            </param>
          </params>
          <reporter-output>
          </reporter-output>
        </test-method> <!-- springTestContextAfterTestMethod -->
        <test-method is-config="true" signature="springTestContextBeforeTestMethod(java.lang.reflect.Method)[pri:0, instance:testpackage.servicetests.BookServiceTest@4d95a72e]" started-at="2023-01-17T08:36:43 CST" name="springTestContextBeforeTestMethod" finished-at="2023-01-17T08:36:43 CST" duration-ms="3" status="PASS">
          <params>
            <param index="0">
              <value>
                <![CDATA[public void testpackage.servicetests.BookServiceTest.whenBookAdded_returnBook()]]>
              </value>
            </param>
          </params>
          <reporter-output>
          </reporter-output>
        </test-method> <!-- springTestContextBeforeTestMethod -->
        <test-method is-config="true" signature="init()[pri:0, instance:testpackage.servicetests.BookServiceTest@4d95a72e]" started-at="2023-01-17T08:36:43 CST" name="init" finished-at="2023-01-17T08:36:43 CST" duration-ms="2" status="PASS">
          <reporter-output>
          </reporter-output>
        </test-method> <!-- init -->
        <test-method signature="whenBookAdded_returnBook()[pri:0, instance:testpackage.servicetests.BookServiceTest@4d95a72e]" started-at="2023-01-17T08:36:43 CST" name="whenBookAdded_returnBook" finished-at="2023-01-17T08:36:43 CST" duration-ms="2" status="PASS">
          <reporter-output>
          </reporter-output>
        </test-method> <!-- whenBookAdded_returnBook -->
        <test-method is-config="true" signature="springTestContextAfterTestMethod(java.lang.reflect.Method)[pri:0, instance:testpackage.servicetests.BookServiceTest@4d95a72e]" started-at="2023-01-17T08:36:43 CST" name="springTestContextAfterTestMethod" finished-at="2023-01-17T08:36:43 CST" duration-ms="4" status="PASS">
          <params>
            <param index="0">
              <value>
                <![CDATA[public void testpackage.servicetests.BookServiceTest.whenBookAdded_returnBook()]]>
              </value>
            </param>
          </params>
          <reporter-output>
          </reporter-output>
        </test-method> <!-- springTestContextAfterTestMethod -->
        <test-method is-config="true" signature="springTestContextBeforeTestMethod(java.lang.reflect.Method)[pri:0, instance:testpackage.servicetests.BookServiceTest@4d95a72e]" started-at="2023-01-17T08:36:43 CST" name="springTestContextBeforeTestMethod" finished-at="2023-01-17T08:36:43 CST" duration-ms="3" status="PASS">
          <params>
            <param index="0">
              <value>
                <![CDATA[public void testpackage.servicetests.BookServiceTest.whenBookUpdated_returnBook()]]>
              </value>
            </param>
          </params>
          <reporter-output>
          </reporter-output>
        </test-method> <!-- springTestContextBeforeTestMethod -->
        <test-method is-config="true" signature="init()[pri:0, instance:testpackage.servicetests.BookServiceTest@4d95a72e]" started-at="2023-01-17T08:36:43 CST" name="init" finished-at="2023-01-17T08:36:43 CST" duration-ms="1" status="PASS">
          <reporter-output>
          </reporter-output>
        </test-method> <!-- init -->
        <test-method signature="whenBookUpdated_returnBook()[pri:0, instance:testpackage.servicetests.BookServiceTest@4d95a72e]" started-at="2023-01-17T08:36:43 CST" name="whenBookUpdated_returnBook" finished-at="2023-01-17T08:36:43 CST" duration-ms="12" status="PASS">
          <reporter-output>
          </reporter-output>
        </test-method> <!-- whenBookUpdated_returnBook -->
        <test-method is-config="true" signature="springTestContextAfterTestMethod(java.lang.reflect.Method)[pri:0, instance:testpackage.servicetests.BookServiceTest@4d95a72e]" started-at="2023-01-17T08:36:43 CST" name="springTestContextAfterTestMethod" finished-at="2023-01-17T08:36:43 CST" duration-ms="5" status="PASS">
          <params>
            <param index="0">
              <value>
                <![CDATA[public void testpackage.servicetests.BookServiceTest.whenBookUpdated_returnBook()]]>
              </value>
            </param>
          </params>
          <reporter-output>
          </reporter-output>
        </test-method> <!-- springTestContextAfterTestMethod -->
        <test-method is-config="true" signature="springTestContextBeforeTestMethod(java.lang.reflect.Method)[pri:0, instance:testpackage.servicetests.BookServiceTest@4d95a72e]" started-at="2023-01-17T08:36:43 CST" name="springTestContextBeforeTestMethod" finished-at="2023-01-17T08:36:43 CST" duration-ms="3" status="PASS">
          <params>
            <param index="0">
              <value>
                <![CDATA[public void testpackage.servicetests.BookServiceTest.whenBooksIsCalled_ShowAllBooks()]]>
              </value>
            </param>
          </params>
          <reporter-output>
          </reporter-output>
        </test-method> <!-- springTestContextBeforeTestMethod -->
        <test-method is-config="true" signature="init()[pri:0, instance:testpackage.servicetests.BookServiceTest@4d95a72e]" started-at="2023-01-17T08:36:43 CST" name="init" finished-at="2023-01-17T08:36:43 CST" duration-ms="3" status="PASS">
          <reporter-output>
          </reporter-output>
        </test-method> <!-- init -->
        <test-method signature="whenBooksIsCalled_ShowAllBooks()[pri:0, instance:testpackage.servicetests.BookServiceTest@4d95a72e]" started-at="2023-01-17T08:36:43 CST" name="whenBooksIsCalled_ShowAllBooks" finished-at="2023-01-17T08:36:43 CST" duration-ms="17" status="PASS">
          <reporter-output>
          </reporter-output>
        </test-method> <!-- whenBooksIsCalled_ShowAllBooks -->
        <test-method is-config="true" signature="springTestContextAfterTestMethod(java.lang.reflect.Method)[pri:0, instance:testpackage.servicetests.BookServiceTest@4d95a72e]" started-at="2023-01-17T08:36:43 CST" name="springTestContextAfterTestMethod" finished-at="2023-01-17T08:36:43 CST" duration-ms="4" status="PASS">
          <params>
            <param index="0">
              <value>
                <![CDATA[public void testpackage.servicetests.BookServiceTest.whenBooksIsCalled_ShowAllBooks()]]>
              </value>
            </param>
          </params>
          <reporter-output>
          </reporter-output>
        </test-method> <!-- springTestContextAfterTestMethod -->
        <test-method is-config="true" signature="springTestContextBeforeTestMethod(java.lang.reflect.Method)[pri:0, instance:testpackage.servicetests.BookServiceTest@4d95a72e]" started-at="2023-01-17T08:36:43 CST" name="springTestContextBeforeTestMethod" finished-at="2023-01-17T08:36:43 CST" duration-ms="2" status="PASS">
          <params>
            <param index="0">
              <value>
                <![CDATA[public void testpackage.servicetests.BookServiceTest.whenEmptyTitle_BookNotSaved()]]>
              </value>
            </param>
          </params>
          <reporter-output>
          </reporter-output>
        </test-method> <!-- springTestContextBeforeTestMethod -->
        <test-method is-config="true" signature="init()[pri:0, instance:testpackage.servicetests.BookServiceTest@4d95a72e]" started-at="2023-01-17T08:36:43 CST" name="init" finished-at="2023-01-17T08:36:43 CST" duration-ms="1" status="PASS">
          <reporter-output>
          </reporter-output>
        </test-method> <!-- init -->
        <test-method signature="whenEmptyTitle_BookNotSaved()[pri:0, instance:testpackage.servicetests.BookServiceTest@4d95a72e]" started-at="2023-01-17T08:36:43 CST" name="whenEmptyTitle_BookNotSaved" finished-at="2023-01-17T08:36:43 CST" duration-ms="3" status="PASS">
          <reporter-output>
          </reporter-output>
        </test-method> <!-- whenEmptyTitle_BookNotSaved -->
        <test-method is-config="true" signature="springTestContextAfterTestMethod(java.lang.reflect.Method)[pri:0, instance:testpackage.servicetests.BookServiceTest@4d95a72e]" started-at="2023-01-17T08:36:43 CST" name="springTestContextAfterTestMethod" finished-at="2023-01-17T08:36:43 CST" duration-ms="3" status="PASS">
          <params>
            <param index="0">
              <value>
                <![CDATA[public void testpackage.servicetests.BookServiceTest.whenEmptyTitle_BookNotSaved()]]>
              </value>
            </param>
          </params>
          <reporter-output>
          </reporter-output>
        </test-method> <!-- springTestContextAfterTestMethod -->
        <test-method is-config="true" signature="springTestContextBeforeTestMethod(java.lang.reflect.Method)[pri:0, instance:testpackage.servicetests.BookServiceTest@4d95a72e]" started-at="2023-01-17T08:36:43 CST" name="springTestContextBeforeTestMethod" finished-at="2023-01-17T08:36:43 CST" duration-ms="2" status="PASS">
          <params>
            <param index="0">
              <value>
                <![CDATA[public void testpackage.servicetests.BookServiceTest.whenGivenValidId_DeleteBook()]]>
              </value>
            </param>
          </params>
          <reporter-output>
          </reporter-output>
        </test-method> <!-- springTestContextBeforeTestMethod -->
        <test-method is-config="true" signature="init()[pri:0, instance:testpackage.servicetests.BookServiceTest@4d95a72e]" started-at="2023-01-17T08:36:43 CST" name="init" finished-at="2023-01-17T08:36:43 CST" duration-ms="1" status="PASS">
          <reporter-output>
          </reporter-output>
        </test-method> <!-- init -->
        <test-method signature="whenGivenValidId_DeleteBook()[pri:0, instance:testpackage.servicetests.BookServiceTest@4d95a72e]" started-at="2023-01-17T08:36:43 CST" name="whenGivenValidId_DeleteBook" finished-at="2023-01-17T08:36:43 CST" duration-ms="5" status="PASS">
          <reporter-output>
          </reporter-output>
        </test-method> <!-- whenGivenValidId_DeleteBook -->
        <test-method is-config="true" signature="springTestContextAfterTestMethod(java.lang.reflect.Method)[pri:0, instance:testpackage.servicetests.BookServiceTest@4d95a72e]" started-at="2023-01-17T08:36:43 CST" name="springTestContextAfterTestMethod" finished-at="2023-01-17T08:36:43 CST" duration-ms="4" status="PASS">
          <params>
            <param index="0">
              <value>
                <![CDATA[public void testpackage.servicetests.BookServiceTest.whenGivenValidId_DeleteBook()]]>
              </value>
            </param>
          </params>
          <reporter-output>
          </reporter-output>
        </test-method> <!-- springTestContextAfterTestMethod -->
        <test-method is-config="true" signature="springTestContextBeforeTestMethod(java.lang.reflect.Method)[pri:0, instance:testpackage.servicetests.BookServiceTest@4d95a72e]" started-at="2023-01-17T08:36:43 CST" name="springTestContextBeforeTestMethod" finished-at="2023-01-17T08:36:43 CST" duration-ms="2" status="PASS">
          <params>
            <param index="0">
              <value>
                <![CDATA[public void testpackage.servicetests.BookServiceTest.whenNoBooksExist_NoBooksShown()]]>
              </value>
            </param>
          </params>
          <reporter-output>
          </reporter-output>
        </test-method> <!-- springTestContextBeforeTestMethod -->
        <test-method is-config="true" signature="init()[pri:0, instance:testpackage.servicetests.BookServiceTest@4d95a72e]" started-at="2023-01-17T08:36:43 CST" name="init" finished-at="2023-01-17T08:36:43 CST" duration-ms="1" status="PASS">
          <reporter-output>
          </reporter-output>
        </test-method> <!-- init -->
        <test-method signature="whenNoBooksExist_NoBooksShown()[pri:0, instance:testpackage.servicetests.BookServiceTest@4d95a72e]" started-at="2023-01-17T08:36:43 CST" name="whenNoBooksExist_NoBooksShown" finished-at="2023-01-17T08:36:43 CST" duration-ms="7" status="PASS">
          <reporter-output>
          </reporter-output>
        </test-method> <!-- whenNoBooksExist_NoBooksShown -->
        <test-method is-config="true" signature="springTestContextAfterTestMethod(java.lang.reflect.Method)[pri:0, instance:testpackage.servicetests.BookServiceTest@4d95a72e]" started-at="2023-01-17T08:36:43 CST" name="springTestContextAfterTestMethod" finished-at="2023-01-17T08:36:43 CST" duration-ms="6" status="PASS">
          <params>
            <param index="0">
              <value>
                <![CDATA[public void testpackage.servicetests.BookServiceTest.whenNoBooksExist_NoBooksShown()]]>
              </value>
            </param>
          </params>
          <reporter-output>
          </reporter-output>
        </test-method> <!-- springTestContextAfterTestMethod -->
        <test-method is-config="true" signature="springTestContextBeforeTestMethod(java.lang.reflect.Method)[pri:0, instance:testpackage.servicetests.BookServiceTest@4d95a72e]" started-at="2023-01-17T08:36:43 CST" name="springTestContextBeforeTestMethod" finished-at="2023-01-17T08:36:43 CST" duration-ms="3" status="PASS">
          <params>
            <param index="0">
              <value>
                <![CDATA[public void testpackage.servicetests.BookServiceTest.whenValidIdGiven_returnBook()]]>
              </value>
            </param>
          </params>
          <reporter-output>
          </reporter-output>
        </test-method> <!-- springTestContextBeforeTestMethod -->
        <test-method is-config="true" signature="init()[pri:0, instance:testpackage.servicetests.BookServiceTest@4d95a72e]" started-at="2023-01-17T08:36:43 CST" name="init" finished-at="2023-01-17T08:36:43 CST" duration-ms="2" status="PASS">
          <reporter-output>
          </reporter-output>
        </test-method> <!-- init -->
        <test-method signature="whenValidIdGiven_returnBook()[pri:0, instance:testpackage.servicetests.BookServiceTest@4d95a72e]" started-at="2023-01-17T08:36:43 CST" name="whenValidIdGiven_returnBook" finished-at="2023-01-17T08:36:43 CST" duration-ms="3" status="PASS">
          <reporter-output>
          </reporter-output>
        </test-method> <!-- whenValidIdGiven_returnBook -->
        <test-method is-config="true" signature="springTestContextAfterTestMethod(java.lang.reflect.Method)[pri:0, instance:testpackage.servicetests.BookServiceTest@4d95a72e]" started-at="2023-01-17T08:36:43 CST" name="springTestContextAfterTestMethod" finished-at="2023-01-17T08:36:43 CST" duration-ms="4" status="PASS">
          <params>
            <param index="0">
              <value>
                <![CDATA[public void testpackage.servicetests.BookServiceTest.whenValidIdGiven_returnBook()]]>
              </value>
            </param>
          </params>
          <reporter-output>
          </reporter-output>
        </test-method> <!-- springTestContextAfterTestMethod -->
        <test-method is-config="true" signature="springTestContextAfterTestClass()[pri:0, instance:testpackage.servicetests.BookServiceTest@4d95a72e]" started-at="2023-01-17T08:36:43 CST" name="springTestContextAfterTestClass" finished-at="2023-01-17T08:36:43 CST" duration-ms="3" status="PASS">
          <reporter-output>
          </reporter-output>
        </test-method> <!-- springTestContextAfterTestClass -->
      </class> <!-- testpackage.servicetests.BookServiceTest -->
    </test> <!-- Default test -->
  </suite> <!-- Default suite -->
</testng-results>
