<?xml version="1.0" encoding="UTF-8"?>
<testng-results ignored="0" total="13" passed="13" failed="0" skipped="0">
  <reporter-output>
  </reporter-output>
  <suite started-at="2023-01-20T14:59:35 CST" name="Default suite" finished-at="2023-01-20T15:00:11 CST" duration-ms="35500">
    <groups>
    </groups>
    <test started-at="2023-01-20T14:59:35 CST" name="Default test" finished-at="2023-01-20T15:00:11 CST" duration-ms="35500">
      <class name="testpackage.webapptests.WebAppTesting">
        <test-method is-config="true" signature="startTest()[pri:0, instance:testpackage.webapptests.WebAppTesting@5e21e98f]" started-at="2023-01-20T14:59:35 CST" name="startTest" finished-at="2023-01-20T14:59:40 CST" duration-ms="5131" status="PASS">
          <reporter-output>
          </reporter-output>
        </test-method> <!-- startTest -->
        <test-method signature="navigatePages()[pri:-1, instance:testpackage.webapptests.WebAppTesting@5e21e98f]" started-at="2023-01-20T14:59:40 CST" name="navigatePages" finished-at="2023-01-20T14:59:47 CST" duration-ms="6439" status="PASS">
          <reporter-output>
          </reporter-output>
        </test-method> <!-- navigatePages -->
        <test-method signature="addBook()[pri:1, instance:testpackage.webapptests.WebAppTesting@5e21e98f]" started-at="2023-01-20T14:59:47 CST" name="addBook" finished-at="2023-01-20T14:59:49 CST" duration-ms="1974" status="PASS">
          <reporter-output>
          </reporter-output>
        </test-method> <!-- addBook -->
        <test-method signature="editBook()[pri:2, instance:testpackage.webapptests.WebAppTesting@5e21e98f]" started-at="2023-01-20T14:59:49 CST" name="editBook" finished-at="2023-01-20T14:59:51 CST" duration-ms="1744" status="PASS">
          <reporter-output>
          </reporter-output>
        </test-method> <!-- editBook -->
        <test-method signature="deleteBook()[pri:3, instance:testpackage.webapptests.WebAppTesting@5e21e98f]" started-at="2023-01-20T14:59:51 CST" name="deleteBook" finished-at="2023-01-20T14:59:53 CST" duration-ms="2105" status="PASS">
          <reporter-output>
          </reporter-output>
        </test-method> <!-- deleteBook -->
        <test-method signature="addGame()[pri:4, instance:testpackage.webapptests.WebAppTesting@5e21e98f]" started-at="2023-01-20T14:59:53 CST" name="addGame" finished-at="2023-01-20T14:59:55 CST" duration-ms="2681" status="PASS">
          <reporter-output>
          </reporter-output>
        </test-method> <!-- addGame -->
        <test-method signature="editGame()[pri:5, instance:testpackage.webapptests.WebAppTesting@5e21e98f]" started-at="2023-01-20T14:59:55 CST" name="editGame" finished-at="2023-01-20T14:59:57 CST" duration-ms="1252" status="PASS">
          <reporter-output>
          </reporter-output>
        </test-method> <!-- editGame -->
        <test-method signature="deleteGame()[pri:6, instance:testpackage.webapptests.WebAppTesting@5e21e98f]" started-at="2023-01-20T14:59:57 CST" name="deleteGame" finished-at="2023-01-20T14:59:59 CST" duration-ms="2219" status="PASS">
          <reporter-output>
          </reporter-output>
        </test-method> <!-- deleteGame -->
        <test-method signature="addMovie()[pri:7, instance:testpackage.webapptests.WebAppTesting@5e21e98f]" started-at="2023-01-20T14:59:59 CST" name="addMovie" finished-at="2023-01-20T15:00:01 CST" duration-ms="2521" status="PASS">
          <reporter-output>
          </reporter-output>
        </test-method> <!-- addMovie -->
        <test-method signature="editMovie()[pri:8, instance:testpackage.webapptests.WebAppTesting@5e21e98f]" started-at="2023-01-20T15:00:01 CST" name="editMovie" finished-at="2023-01-20T15:00:03 CST" duration-ms="1095" status="PASS">
          <reporter-output>
          </reporter-output>
        </test-method> <!-- editMovie -->
        <test-method signature="deleteMovie()[pri:9, instance:testpackage.webapptests.WebAppTesting@5e21e98f]" started-at="2023-01-20T15:00:03 CST" name="deleteMovie" finished-at="2023-01-20T15:00:04 CST" duration-ms="1711" status="PASS">
          <reporter-output>
          </reporter-output>
        </test-method> <!-- deleteMovie -->
        <test-method signature="addMusic()[pri:10, instance:testpackage.webapptests.WebAppTesting@5e21e98f]" started-at="2023-01-20T15:00:04 CST" name="addMusic" finished-at="2023-01-20T15:00:07 CST" duration-ms="2664" status="PASS">
          <reporter-output>
          </reporter-output>
        </test-method> <!-- addMusic -->
        <test-method signature="editMusic()[pri:11, instance:testpackage.webapptests.WebAppTesting@5e21e98f]" started-at="2023-01-20T15:00:07 CST" name="editMusic" finished-at="2023-01-20T15:00:08 CST" duration-ms="1196" status="PASS">
          <reporter-output>
          </reporter-output>
        </test-method> <!-- editMusic -->
        <test-method signature="deleteMusic()[pri:12, instance:testpackage.webapptests.WebAppTesting@5e21e98f]" started-at="2023-01-20T15:00:08 CST" name="deleteMusic" finished-at="2023-01-20T15:00:10 CST" duration-ms="2136" status="PASS">
          <reporter-output>
          </reporter-output>
        </test-method> <!-- deleteMusic -->
        <test-method is-config="true" signature="endTest()[pri:0, instance:testpackage.webapptests.WebAppTesting@5e21e98f]" started-at="2023-01-20T15:00:10 CST" name="endTest" finished-at="2023-01-20T15:00:11 CST" duration-ms="364" status="PASS">
          <reporter-output>
          </reporter-output>
        </test-method> <!-- endTest -->
      </class> <!-- testpackage.webapptests.WebAppTesting -->
    </test> <!-- Default test -->
  </suite> <!-- Default suite -->
</testng-results>
